Сборка начата 12.04.2016 19:44:46.
     1>Проект "C:\Users\Администратор\Desktop\SpaceBattle_bug\Space Battle\Space Battle.vcxproj" в узле 2 (целевые объекты Build).
     1>ClCompile:
         C:\Program Files (x86)\Microsoft Visual Studio 12.0\VC\bin\CL.exe /c /I"D:\Courses\SpaceBattle_bug\Space Battle\IrrKlang" /I"D:\Courses\SpaceBattle_bug\Space Battle\irrLicht" /ZI /nologo /W3 /WX- /sdl- /Od /Oy- /D WIN32 /D _DEBUG /D _CONSOLE /D _LIB /D _UNICODE /D UNICODE /Gm /EHsc /RTC1 /MDd /GS /fp:precise /Zc:wchar_t /Zc:forScope /Fo"Debug\\" /Fd"Debug\vc120.pdb" /Gd /TP /analyze- /errorReport:prompt Enemy.cpp TextureManager.cpp
         TextureManager.cpp
         Enemy.cpp
         Создание кода...
       Link:
         C:\Program Files (x86)\Microsoft Visual Studio 12.0\VC\bin\link.exe /ERRORREPORT:PROMPT /OUT:"C:\Users\Администратор\Desktop\SpaceBattle_bug\Debug\Space Battle.exe" /INCREMENTAL /NOLOGO kernel32.lib user32.lib gdi32.lib winspool.lib comdlg32.lib advapi32.lib shell32.lib ole32.lib oleaut32.lib uuid.lib odbc32.lib odbccp32.lib /MANIFEST /MANIFESTUAC:"level='asInvoker' uiAccess='false'" /manifest:embed /DEBUG /PDB:"C:\Users\Администратор\Desktop\SpaceBattle_bug\Debug\Space Battle.pdb" /SUBSYSTEM:CONSOLE /TLBID:1 /DYNAMICBASE /NXCOMPAT /IMPLIB:"C:\Users\Администратор\Desktop\SpaceBattle_bug\Debug\Space Battle.lib" /MACHINE:X86 Debug\Effect.obj
         Debug\Enemy.obj
         Debug\EnemyHolder.obj
         Debug\Fighter.obj
         Debug\Game.obj
         Debug\GameEvents.obj
         Debug\GameObject.obj
         Debug\Irrlicht.obj
         Debug\main.obj
         Debug\Gui.obj
         Debug\Rocket.obj
         Debug\RocketHolder.obj
         Debug\TextureManager.obj
         Space Battle.vcxproj -> C:\Users\Администратор\Desktop\SpaceBattle_bug\Debug\Space Battle.exe
     1>Сборка проекта "C:\Users\Администратор\Desktop\SpaceBattle_bug\Space Battle\Space Battle.vcxproj" завершена (целевые объекты Build).

Сборка успешно завершена.

Затраченное время: 00:00:02.70
